app/build/outputs/logs/manifest-merger-debug-report.txt
-- Merging decision tree log ---
manifest
ADDED from src\main\AndroidManifest.xml:1:1-92:12
	xmlns:android
		ADDED from src\main\AndroidManifest.xml:1:11-69
	package
		ADDED from src\main\AndroidManifest.xml:2:9-42
		INJECTED from src\main\AndroidManifest.xml
		INJECTED from src\main\AndroidManifest.xml
original-package
ADDED from src\main\AndroidManifest.xml:4:5-63
	android:name
		ADDED from src\main\AndroidManifest.xml:4:23-60
uses-permission#android.permission.RECEIVE_BOOT_COMPLETED
ADDED from src\main\AndroidManifest.xml:6:5-81
	android:name
		ADDED from src\main\AndroidManifest.xml:6:22-78
uses-permission#android.permission.WAKE_LOCK
ADDED from src\main\AndroidManifest.xml:7:5-67
	android:name
		ADDED from src\main\AndroidManifest.xml:7:22-65
uses-permission#android.permission.VIBRATE
ADDED from src\main\AndroidManifest.xml:8:5-65
	android:name
		ADDED from src\main\AndroidManifest.xml:8:22-63
uses-permission#android.permission.WRITE_SETTINGS
ADDED from src\main\AndroidManifest.xml:9:5-73
	android:name
		ADDED from src\main\AndroidManifest.xml:9:22-70
uses-permission#android.permission.DISABLE_KEYGUARD
ADDED from src\main\AndroidManifest.xml:10:5-75
	android:name
		ADDED from src\main\AndroidManifest.xml:10:22-72
uses-permission#android.permission.READ_PHONE_STATE
ADDED from src\main\AndroidManifest.xml:11:5-75
	android:name
		ADDED from src\main\AndroidManifest.xml:11:22-72
application
ADDED from src\main\AndroidManifest.xml:13:5-91:19
	android:label
		ADDED from src\main\AndroidManifest.xml:13:18-51
	android:icon
		ADDED from src\main\AndroidManifest.xml:14:18-65
provider#com.android.betterAlarm.AlarmProvider
ADDED from src\main\AndroidManifest.xml:16:9-120
	android:authorities
		ADDED from src\main\AndroidManifest.xml:16:72-117
	android:name
		ADDED from src\main\AndroidManifest.xml:16:19-71
activity#com.android.betterAlarm.AlarmClock
ADDED from src\main\AndroidManifest.xml:18:9-25:20
	android:label
		ADDED from src\main\AndroidManifest.xml:18:69-102
	android:configChanges
		ADDED from src\main\AndroidManifest.xml:19:17-87
	android:name
		ADDED from src\main\AndroidManifest.xml:18:19-68
intent-filter#android.intent.action.MAIN+android.intent.category.DEFAULT+android.intent.category.LAUNCHER
ADDED from src\main\AndroidManifest.xml:20:13-24:29
action#android.intent.action.MAIN
ADDED from src\main\AndroidManifest.xml:21:17-69
	android:name
		ADDED from src\main\AndroidManifest.xml:21:25-66
category#android.intent.category.DEFAULT
ADDED from src\main\AndroidManifest.xml:22:17-76
	android:name
		ADDED from src\main\AndroidManifest.xml:22:27-73
category#android.intent.category.LAUNCHER
ADDED from src\main\AndroidManifest.xml:23:17-77
	android:name
		ADDED from src\main\AndroidManifest.xml:23:27-74
activity#com.android.betterAlarm.SettingsActivity
ADDED from src\main\AndroidManifest.xml:27:9-31:20
	android:label
		ADDED from src\main\AndroidManifest.xml:27:75-107
	android:name
		ADDED from src\main\AndroidManifest.xml:27:19-74
intent-filter#android.intent.action.MAIN
ADDED from src\main\AndroidManifest.xml:28:13-30:29
activity#com.android.betterAlarm.SetAlarm
ADDED from src\main\AndroidManifest.xml:33:9-34:90
	android:label
		ADDED from src\main\AndroidManifest.xml:33:67-100
	android:configChanges
		ADDED from src\main\AndroidManifest.xml:34:17-87
	android:name
		ADDED from src\main\AndroidManifest.xml:33:19-66
activity#com.android.betterAlarm.AlarmAlert
ADDED from src\main\AndroidManifest.xml:36:9-41:89
	android:configChanges
		ADDED from src\main\AndroidManifest.xml:41:17-87
	android:theme
		ADDED from src\main\AndroidManifest.xml:38:17-51
	android:excludeFromRecents
		ADDED from src\main\AndroidManifest.xml:37:17-50
	android:taskAffinity
		ADDED from src\main\AndroidManifest.xml:40:17-40
	android:name
		ADDED from src\main\AndroidManifest.xml:36:19-68
	android:launchMode
		ADDED from src\main\AndroidManifest.xml:39:17-52
activity#com.android.betterAlarm.AlarmAlertFullScreen
ADDED from src\main\AndroidManifest.xml:46:9-51:89
	android:configChanges
		ADDED from src\main\AndroidManifest.xml:51:17-87
	android:theme
		ADDED from src\main\AndroidManifest.xml:48:17-74
	android:excludeFromRecents
		ADDED from src\main\AndroidManifest.xml:47:17-50
	android:taskAffinity
		ADDED from src\main\AndroidManifest.xml:50:17-40
	android:name
		ADDED from src\main\AndroidManifest.xml:46:19-78
	android:launchMode
		ADDED from src\main\AndroidManifest.xml:49:17-52
activity#com.android.betterAlarm.ClockPicker
ADDED from src\main\AndroidManifest.xml:53:9-72
	android:name
		ADDED from src\main\AndroidManifest.xml:53:19-69
receiver#com.android.betterAlarm.AlarmReceiver
ADDED from src\main\AndroidManifest.xml:55:9-61:20
	android:name
		ADDED from src\main\AndroidManifest.xml:55:19-71
intent-filter#alarm_killed+cancel_snooze+com.android.alarmclock.ALARM_ALERT
ADDED from src\main\AndroidManifest.xml:56:13-60:29
action#com.android.alarmclock.ALARM_ALERT
ADDED from src\main\AndroidManifest.xml:57:16-76
	android:name
		ADDED from src\main\AndroidManifest.xml:57:24-73
action#alarm_killed
ADDED from src\main\AndroidManifest.xml:58:16-54
	android:name
		ADDED from src\main\AndroidManifest.xml:58:24-51
action#cancel_snooze
ADDED from src\main\AndroidManifest.xml:59:16-55
	android:name
		ADDED from src\main\AndroidManifest.xml:59:24-52
service#com.android.betterAlarm.AlarmKlaxon
ADDED from src\main\AndroidManifest.xml:69:9-73:19
	android:name
		ADDED from src\main\AndroidManifest.xml:69:18-68
intent-filter#com.android.alarmclock.ALARM_ALERT
ADDED from src\main\AndroidManifest.xml:70:13-72:29
receiver#com.android.betterAlarm.AlarmInitReceiver
ADDED from src\main\AndroidManifest.xml:75:9-82:20
	android:name
		ADDED from src\main\AndroidManifest.xml:75:19-75
intent-filter#android.intent.action.BOOT_COMPLETED+android.intent.action.LOCALE_CHANGED+android.intent.action.TIMEZONE_CHANGED+android.intent.action.TIME_SET
ADDED from src\main\AndroidManifest.xml:76:13-81:29
action#android.intent.action.BOOT_COMPLETED
ADDED from src\main\AndroidManifest.xml:77:17-79
	android:name
		ADDED from src\main\AndroidManifest.xml:77:25-76
action#android.intent.action.TIME_SET
ADDED from src\main\AndroidManifest.xml:78:17-73
	android:name
		ADDED from src\main\AndroidManifest.xml:78:25-70
action#android.intent.action.TIMEZONE_CHANGED
ADDED from src\main\AndroidManifest.xml:79:17-81
	android:name
		ADDED from src\main\AndroidManifest.xml:79:25-78
action#android.intent.action.LOCALE_CHANGED
ADDED from src\main\AndroidManifest.xml:80:17-79
	android:name
		ADDED from src\main\AndroidManifest.xml:80:25-76
receiver#com.android.betterAlarm.AnalogAppWidgetProvider
ADDED from src\main\AndroidManifest.xml:84:9-90:20
	android:label
		ADDED from src\main\AndroidManifest.xml:84:82-119
	android:icon
		ADDED from src\main\AndroidManifest.xml:85:10-40
	android:name
		ADDED from src\main\AndroidManifest.xml:84:19-81
intent-filter#android.appwidget.action.APPWIDGET_UPDATE
ADDED from src\main\AndroidManifest.xml:86:13-88:29
action#android.appwidget.action.APPWIDGET_UPDATE
ADDED from src\main\AndroidManifest.xml:87:17-84
	android:name
		ADDED from src\main\AndroidManifest.xml:87:25-81
meta-data#android.appwidget.provider
ADDED from src\main\AndroidManifest.xml:89:13-109
	android:resource
		ADDED from src\main\AndroidManifest.xml:89:66-106
	android:name
		ADDED from src\main\AndroidManifest.xml:89:24-65